2024-06-20 17:01:28,363 INFO:Crawling Company => 23andme
2024-06-20 17:01:37,945 INFO:Scraping for company 23andme started
2024-06-20 17:01:37,945 INFO:https://www.23andme.com/careers/jobs/#main
2024-06-20 17:01:37,945 INFO:https://www.23andme.com/careers/jobs/7466506002/
2024-06-20 17:01:37,945 INFO:https://www.23andme.com/careers/jobs/6871069002/
2024-06-20 17:01:37,945 INFO:https://www.23andme.com/careers/jobs/7266356002/
2024-06-20 17:01:37,946 INFO:https://www.23andme.com/careers/jobs/7292168002/
2024-06-20 17:01:37,946 INFO:https://www.23andme.com/careers/jobs/7282857002/
2024-06-20 17:01:37,946 INFO:https://www.23andme.com/careers/jobs/6948795002/
2024-06-20 17:01:37,946 INFO:https://www.23andme.com/careers/jobs/7457856002/
2024-06-20 17:01:37,946 INFO:https://www.23andme.com/careers/jobs/7280524002/
2024-06-20 17:01:37,946 INFO:https://www.23andme.com/careers/jobs/7443446002/
2024-06-20 17:01:37,946 INFO:https://www.23andme.com/careers/jobs/6885835002/
2024-06-20 17:01:37,946 INFO:https://www.23andme.com/careers/jobs/6936069002/
2024-06-20 17:01:37,946 INFO:https://www.23andme.com/careers/jobs/6936029002/
2024-06-20 17:01:37,946 INFO:https://www.23andme.com/careers/jobs/6936055002/
2024-06-20 17:01:37,946 INFO:https://www.23andme.com/careers/jobs/6986995002/
2024-06-20 17:01:37,946 INFO:https://www.23andme.com/careers/jobs/6936058002/
2024-06-20 17:01:37,946 INFO:https://www.23andme.com/careers/jobs/6936053002/
2024-06-20 17:01:37,946 INFO:https://www.23andme.com/careers/jobs/6936066002/
2024-06-20 17:01:37,946 INFO:https://www.23andme.com/careers/jobs/6936031002/
2024-06-20 17:01:37,946 INFO:https://www.23andme.com/careers/jobs/6936037002/
2024-06-20 17:01:37,946 INFO:https://www.23andme.com/careers/jobs/6936043002/
2024-06-20 17:01:37,946 INFO:https://www.23andme.com/careers/jobs/6936047002/
2024-06-20 17:01:37,946 INFO:https://www.23andme.com/careers/jobs/7343314002/
2024-06-20 17:01:37,947 INFO:https://www.23andme.com/careers/jobs/7256206002/
2024-06-20 17:01:37,947 INFO:https://www.23andme.com/careers/jobs/7503423002/
2024-06-20 17:01:37,947 INFO:https://www.23andme.com/careers/jobs/7314132002/
2024-06-20 17:01:37,947 INFO:https://www.23andme.com/careers/jobs/7324235002/
2024-06-20 17:01:37,947 INFO:https://www.23andme.com/careers/jobs/7324234002/
2024-06-20 17:01:37,947 INFO:https://www.23andme.com/careers/jobs/6830403002/
2024-06-20 17:01:37,947 INFO:https://www.23andme.com/careers/jobs/7055599002/
2024-06-20 17:01:37,947 INFO:https://www.23andme.com/careers/jobs/6849126002/
2024-06-20 17:01:37,947 INFO:https://www.23andme.com/careers/jobs/7479858002/
2024-06-20 17:01:37,947 INFO:https://www.23andme.com/careers/jobs/7464740002/
2024-06-20 17:01:37,947 INFO:https://www.23andme.com/careers/jobs/7503232002/
2024-06-20 17:01:37,947 INFO:https://www.23andme.com/careers/jobs/7500838002/
2024-06-20 17:01:37,947 INFO:https://www.23andme.com/careers/jobs/7309311002/
2024-06-20 17:01:37,947 INFO:https://www.23andme.com/careers/jobs/7102376002/
2024-06-20 17:01:37,947 INFO:https://www.23andme.com/careers/jobs/7333580002/
2024-06-20 17:01:37,947 INFO:https://www.23andme.com/careers/jobs/#change-location-modal
2024-06-20 17:01:37,947 INFO:Scraping for company 23andme completed
